TN:
SF:src/app/app.component.ts
FN:10,(anonymous_1)
FNF:1
FNH:0
FNDA:0,(anonymous_1)
DA:9,1
DA:11,0
DA:12,0
DA:14,2
DA:15,2
LF:5
LH:3
BRF:0
BRH:0
end_of_record
TN:
SF:src/app/components/book/book.component.ts
FN:27,(anonymous_0)
FN:11,(anonymous_1)
FN:19,(anonymous_2)
FN:31,(anonymous_3)
FN:32,(anonymous_4)
FNF:5
FNH:4
FNDA:2,(anonymous_0)
FNDA:1,(anonymous_1)
FNDA:0,(anonymous_2)
FNDA:3,(anonymous_3)
FNDA:3,(anonymous_4)
DA:10,1
DA:12,1
DA:13,0
DA:14,0
DA:16,1
DA:17,1
DA:20,0
DA:21,0
DA:22,0
DA:25,2
DA:26,2
DA:27,2
DA:28,2
DA:29,2
DA:32,3
DA:33,3
DA:34,3
DA:35,3
DA:37,3
LF:19
LH:14
BRDA:12,0,0,0
BRF:1
BRH:0
end_of_record
TN:
SF:src/app/components/button/button.component.ts
FN:13,(anonymous_0)
FN:15,(anonymous_1)
FN:17,(anonymous_2)
FNF:3
FNH:2
FNDA:2,(anonymous_0)
FNDA:2,(anonymous_1)
FNDA:0,(anonymous_2)
DA:8,1
DA:11,2
DA:18,0
LF:3
LH:2
BRF:0
BRH:0
end_of_record
TN:
SF:src/app/components/currently-reading/currently-reading.component.ts
FN:11,(anonymous_0)
FN:15,(anonymous_1)
FN:22,(anonymous_2)
FN:28,(anonymous_3)
FNF:4
FNH:2
FNDA:1,(anonymous_0)
FNDA:0,(anonymous_1)
FNDA:0,(anonymous_2)
FNDA:1,(anonymous_3)
DA:9,1
DA:10,1
DA:12,1
DA:13,1
DA:15,1
DA:16,0
DA:17,0
DA:18,0
DA:19,0
DA:23,0
DA:24,0
DA:25,0
DA:27,1
LF:13
LH:6
BRF:0
BRH:0
end_of_record
TN:
SF:src/app/components/task-item/task-item.component.ts
FN:15,(anonymous_0)
FN:17,(anonymous_1)
FN:19,(anonymous_2)
FN:23,(anonymous_3)
FNF:4
FNH:2
FNDA:1,(anonymous_0)
FNDA:1,(anonymous_1)
FNDA:0,(anonymous_2)
FNDA:0,(anonymous_3)
DA:10,1
DA:12,1
DA:13,1
DA:20,0
DA:24,0
LF:5
LH:3
BRF:0
BRH:0
end_of_record
TN:
SF:src/app/components/tasks/tasks.component.ts
FN:14,(anonymous_0)
FN:16,(anonymous_1)
FN:17,(anonymous_2)
FN:20,(anonymous_3)
FN:24,(anonymous_4)
FN:24,(anonymous_5)
FN:28,(anonymous_6)
FN:33,(anonymous_7)
FN:34,(anonymous_8)
FNF:9
FNH:2
FNDA:1,(anonymous_0)
FNDA:1,(anonymous_1)
FNDA:0,(anonymous_2)
FNDA:0,(anonymous_3)
FNDA:0,(anonymous_4)
FNDA:0,(anonymous_5)
FNDA:0,(anonymous_6)
FNDA:0,(anonymous_7)
FNDA:0,(anonymous_8)
DA:11,1
DA:12,1
DA:14,1
DA:17,1
DA:21,0
DA:24,0
DA:29,0
DA:30,0
DA:34,0
LF:9
LH:4
BRF:0
BRH:0
end_of_record
TN:
SF:src/app/dialog/dialog.component.ts
FN:13,(anonymous_0)
FN:28,(anonymous_3)
FNF:2
FNH:1
FNDA:1,(anonymous_0)
FNDA:0,(anonymous_3)
DA:12,1
DA:13,1
DA:19,0
DA:27,1
DA:28,0
LF:5
LH:3
BRF:0
BRH:0
end_of_record
TN:
SF:src/app/services/currently-reading.service.ts
FN:18,(anonymous_0)
FN:12,(anonymous_1)
FN:15,(anonymous_2)
FNF:3
FNH:3
FNDA:5,(anonymous_0)
FNDA:4,(anonymous_1)
FNDA:1,(anonymous_2)
DA:8,1
DA:9,5
DA:10,5
DA:11,5
DA:13,4
DA:16,1
DA:18,5
LF:7
LH:7
BRF:0
BRH:0
end_of_record
TN:
SF:src/app/services/task.service.ts
FN:18,(anonymous_0)
FN:20,(anonymous_1)
FN:24,(anonymous_2)
FN:29,(anonymous_3)
FN:34,(anonymous_4)
FNF:5
FNH:2
FNDA:2,(anonymous_0)
FNDA:1,(anonymous_1)
FNDA:0,(anonymous_2)
FNDA:0,(anonymous_3)
FNDA:0,(anonymous_4)
DA:6,1
DA:15,1
DA:16,2
DA:18,2
DA:21,1
DA:25,0
DA:26,0
DA:30,0
DA:31,0
DA:35,0
LF:10
LH:5
BRF:0
BRH:0
end_of_record
